# JRE version: Java(TM) SE Runtime Environment (17.0.7+8) (build 17.0.7+8-LTS-224)
# Java VM: Java HotSpot(TM) 64-Bit Server VM (17.0.7+8-LTS-224, mixed mode, sharing, tiered, compressed oops, compressed class ptrs, g1 gc, windows-amd64)
GC Precious Log:
 CPUs: 4 total, 4 available
 Memory: 8084M
 Large Page Support: Disabled
 NUMA Support: Disabled
 Compressed Oops: Enabled (32-bit)
 Heap Region Size: 1M
 Heap Min Capacity: 8M
 Heap Initial Capacity: 128M
 Heap Max Capacity: 2G
 Pre-touch: Disabled
 Parallel Workers: 4
 Concurrent Workers: 1
 Concurrent Refinement Workers: 4
 Periodic GC: Disabled
Heap:
 garbage-first heap   total 227328K, used 136028K [0x0000000080000000, 0x0000000100000000)
  region size 1024K, 5 young (5120K), 5 survivors (5120K)
 Metaspace       used 91263K, committed 92096K, reserved 503808K
  class space    used 12674K, committed 13056K, reserved 421888K
GC Heap History (20 events):
Event: 44.243 GC heap after
{Heap after GC invocations=32 (full 0):
 garbage-first heap   total 196608K, used 65211K [0x0000000080000000, 0x0000000100000000)
  region size 1024K, 1 young (1024K), 1 survivors (1024K)
 Metaspace       used 63084K, committed 63808K, reserved 479232K
  class space    used 8780K, committed 9088K, reserved 421888K
}
Event: 48.844 GC heap before
{Heap before GC invocations=32 (full 0):
 garbage-first heap   total 196608K, used 157371K [0x0000000080000000, 0x0000000100000000)
  region size 1024K, 84 young (86016K), 1 survivors (1024K)
 Metaspace       used 71952K, committed 72704K, reserved 487424K
  class space    used 9815K, committed 10176K, reserved 421888K
}
Event: 48.857 GC heap after
{Heap after GC invocations=33 (full 0):
 garbage-first heap   total 196608K, used 74500K [0x0000000080000000, 0x0000000100000000)
  region size 1024K, 10 young (10240K), 10 survivors (10240K)
 Metaspace       used 71952K, committed 72704K, reserved 487424K
  class space    used 9815K, committed 10176K, reserved 421888K
}
Event: 58.368 GC heap before
{Heap before GC invocations=33 (full 0):
 garbage-first heap   total 196608K, used 150276K [0x0000000080000000, 0x0000000100000000)
  region size 1024K, 84 young (86016K), 10 survivors (10240K)
 Metaspace       used 76053K, committed 76800K, reserved 495616K
  class space    used 10465K, committed 10816K, reserved 421888K
}
Event: 58.387 GC heap after
{Heap after GC invocations=34 (full 0):
 garbage-first heap   total 196608K, used 79995K [0x0000000080000000, 0x0000000100000000)
  region size 1024K, 7 young (7168K), 7 survivors (7168K)
 Metaspace       used 76053K, committed 76800K, reserved 495616K
  class space    used 10465K, committed 10816K, reserved 421888K
}
Event: 60.465 GC heap before
{Heap before GC invocations=34 (full 0):
 garbage-first heap   total 196608K, used 157819K [0x0000000080000000, 0x0000000100000000)
  region size 1024K, 77 young (78848K), 7 survivors (7168K)
 Metaspace       used 80932K, committed 81792K, reserved 495616K
  class space    used 11303K, committed 11712K, reserved 421888K
}
Event: 60.491 GC heap after
{Heap after GC invocations=35 (full 0):
 garbage-first heap   total 196608K, used 95455K [0x0000000080000000, 0x0000000100000000)
  region size 1024K, 10 young (10240K), 10 survivors (10240K)
 Metaspace       used 80932K, committed 81792K, reserved 495616K
  class space    used 11303K, committed 11712K, reserved 421888K
}
Event: 60.878 GC heap before
{Heap before GC invocations=35 (full 0):
 garbage-first heap   total 196608K, used 109791K [0x0000000080000000, 0x0000000100000000)
  region size 1024K, 24 young (24576K), 10 survivors (10240K)
 Metaspace       used 81087K, committed 81920K, reserved 495616K
  class space    used 11307K, committed 11712K, reserved 421888K
}
Event: 60.898 GC heap after
{Heap after GC invocations=36 (full 0):
 garbage-first heap   total 196608K, used 97256K [0x0000000080000000, 0x0000000100000000)
  region size 1024K, 2 young (2048K), 2 survivors (2048K)
 Metaspace       used 81087K, committed 81920K, reserved 495616K
  class space    used 11307K, committed 11712K, reserved 421888K
}
Event: 66.347 GC heap before
{Heap before GC invocations=37 (full 0):
 garbage-first heap   total 196608K, used 168936K [0x0000000080000000, 0x0000000100000000)
  region size 1024K, 60 young (61440K), 2 survivors (2048K)
 Metaspace       used 83431K, committed 84352K, reserved 495616K
  class space    used 11602K, committed 12032K, reserved 421888K
}
Event: 66.364 GC heap after
{Heap after GC invocations=38 (full 0):
 garbage-first heap   total 196608K, used 124628K [0x0000000080000000, 0x0000000100000000)
  region size 1024K, 8 young (8192K), 8 survivors (8192K)
 Metaspace       used 83431K, committed 84352K, reserved 495616K
  class space    used 11602K, committed 12032K, reserved 421888K
}
Event: 66.406 GC heap before
{Heap before GC invocations=38 (full 0):
 garbage-first heap   total 196608K, used 125652K [0x0000000080000000, 0x0000000100000000)
  region size 1024K, 9 young (9216K), 8 survivors (8192K)
 Metaspace       used 83474K, committed 84416K, reserved 495616K
  class space    used 11607K, committed 12032K, reserved 421888K
}
Event: 66.418 GC heap after
{Heap after GC invocations=39 (full 0):
 garbage-first heap   total 196608K, used 125590K [0x0000000080000000, 0x0000000100000000)
  region size 1024K, 1 young (1024K), 1 survivors (1024K)
 Metaspace       used 83474K, committed 84416K, reserved 495616K
  class space    used 11607K, committed 12032K, reserved 421888K
}
Event: 69.187 GC heap before
{Heap before GC invocations=39 (full 0):
 garbage-first heap   total 196608K, used 159382K [0x0000000080000000, 0x0000000100000000)
  region size 1024K, 34 young (34816K), 1 survivors (1024K)
 Metaspace       used 85729K, committed 86592K, reserved 503808K
  class space    used 11885K, committed 12288K, reserved 421888K
}
Event: 69.202 GC heap after
{Heap after GC invocations=40 (full 0):
 garbage-first heap   total 196608K, used 130614K [0x0000000080000000, 0x0000000100000000)
  region size 1024K, 5 young (5120K), 5 survivors (5120K)
 Metaspace       used 85729K, committed 86592K, reserved 503808K
  class space    used 11885K, committed 12288K, reserved 421888K
}
Event: 70.180 GC heap before
{Heap before GC invocations=41 (full 0):
 garbage-first heap   total 227328K, used 159286K [0x0000000080000000, 0x0000000100000000)
  region size 1024K, 33 young (33792K), 5 survivors (5120K)
 Metaspace       used 87408K, committed 88256K, reserved 503808K
  class space    used 12158K, committed 12544K, reserved 421888K
}
Event: 70.198 GC heap after
{Heap after GC invocations=42 (full 0):
 garbage-first heap   total 227328K, used 132630K [0x0000000080000000, 0x0000000100000000)
  region size 1024K, 2 young (2048K), 2 survivors (2048K)
 Metaspace       used 87408K, committed 88256K, reserved 503808K
  class space    used 12158K, committed 12544K, reserved 421888K
}
Event: 70.387 GC heap before
{Heap before GC invocations=42 (full 0):
 garbage-first heap   total 227328K, used 141846K [0x0000000080000000, 0x0000000100000000)
  region size 1024K, 11 young (11264K), 2 survivors (2048K)
 Metaspace       used 87927K, committed 88832K, reserved 503808K
  class space    used 12225K, committed 12608K, reserved 421888K
}
Event: 70.392 GC heap after
{Heap after GC invocations=43 (full 0):
 garbage-first heap   total 227328K, used 132048K [0x0000000080000000, 0x0000000100000000)
  region size 1024K, 1 young (1024K), 1 survivors (1024K)
 Metaspace       used 87927K, committed 88832K, reserved 503808K
  class space    used 12225K, committed 12608K, reserved 421888K
}
Event: 71.623 GC heap before
{Heap before GC invocations=43 (full 0):
 garbage-first heap   total 227328K, used 185296K [0x0000000080000000, 0x0000000100000000)
  region size 1024K, 53 young (54272K), 1 survivors (1024K)
 Metaspace       used 91263K, committed 92096K, reserved 503808K
  class space    used 12674K, committed 13056K, reserved 421888K
}

