# JRE version: Java(TM) SE Runtime Environment (17.0.7+8) (build 17.0.7+8-LTS-224)
# Java VM: Java HotSpot(TM) 64-Bit Server VM (17.0.7+8-LTS-224, mixed mode, sharing, tiered, compressed oops, compressed class ptrs, g1 gc, windows-amd64)
GC Precious Log:
 CPUs: 4 total, 4 available
 Memory: 8084M
 Large Page Support: Disabled
 NUMA Support: Disabled
 Compressed Oops: Enabled (32-bit)
 Heap Region Size: 1M
 Heap Min Capacity: 8M
 Heap Initial Capacity: 128M
 Heap Max Capacity: 2G
 Pre-touch: Disabled
 Parallel Workers: 4
 Concurrent Workers: 1
 Concurrent Refinement Workers: 4
 Periodic GC: Disabled
Heap:
 garbage-first heap   total 196608K, used 113514K [0x0000000080000000, 0x0000000100000000)
  region size 1024K, 2 young (2048K), 2 survivors (2048K)
 Metaspace       used 82870K, committed 83712K, reserved 495616K
  class space    used 11538K, committed 11968K, reserved 421888K
GC Heap History (20 events):
Event: 40.486 GC heap before
{Heap before GC invocations=30 (full 0):
 garbage-first heap   total 119808K, used 98124K [0x0000000080000000, 0x0000000100000000)
  region size 1024K, 27 young (27648K), 3 survivors (3072K)
 Metaspace       used 68074K, committed 68800K, reserved 487424K
  class space    used 9329K, committed 9664K, reserved 421888K
}
Event: 40.496 GC heap after
{Heap after GC invocations=31 (full 0):
 garbage-first heap   total 119808K, used 77824K [0x0000000080000000, 0x0000000100000000)
  region size 1024K, 4 young (4096K), 4 survivors (4096K)
 Metaspace       used 68074K, committed 68800K, reserved 487424K
  class space    used 9329K, committed 9664K, reserved 421888K
}
Event: 40.546 GC heap before
{Heap before GC invocations=31 (full 0):
 garbage-first heap   total 119808K, used 78848K [0x0000000080000000, 0x0000000100000000)
  region size 1024K, 5 young (5120K), 4 survivors (4096K)
 Metaspace       used 68105K, committed 68800K, reserved 487424K
  class space    used 9332K, committed 9664K, reserved 421888K
}
Event: 40.552 GC heap after
{Heap after GC invocations=32 (full 0):
 garbage-first heap   total 148480K, used 74115K [0x0000000080000000, 0x0000000100000000)
  region size 1024K, 1 young (1024K), 1 survivors (1024K)
 Metaspace       used 68105K, committed 68800K, reserved 487424K
  class space    used 9332K, committed 9664K, reserved 421888K
}
Event: 41.463 GC heap before
{Heap before GC invocations=32 (full 0):
 garbage-first heap   total 148480K, used 113027K [0x0000000080000000, 0x0000000100000000)
  region size 1024K, 39 young (39936K), 1 survivors (1024K)
 Metaspace       used 71852K, committed 72576K, reserved 487424K
  class space    used 9800K, committed 10176K, reserved 421888K
}
Event: 41.468 GC heap after
{Heap after GC invocations=33 (full 0):
 garbage-first heap   total 148480K, used 76987K [0x0000000080000000, 0x0000000100000000)
  region size 1024K, 4 young (4096K), 4 survivors (4096K)
 Metaspace       used 71852K, committed 72576K, reserved 487424K
  class space    used 9800K, committed 10176K, reserved 421888K
}
Event: 42.145 GC heap before
{Heap before GC invocations=34 (full 0):
 garbage-first heap   total 148480K, used 115899K [0x0000000080000000, 0x0000000100000000)
  region size 1024K, 42 young (43008K), 4 survivors (4096K)
 Metaspace       used 73067K, committed 73792K, reserved 487424K
  class space    used 9997K, committed 10368K, reserved 421888K
}
Event: 42.159 GC heap after
{Heap after GC invocations=35 (full 0):
 garbage-first heap   total 148480K, used 78809K [0x0000000080000000, 0x0000000100000000)
  region size 1024K, 3 young (3072K), 3 survivors (3072K)
 Metaspace       used 73067K, committed 73792K, reserved 487424K
  class space    used 9997K, committed 10368K, reserved 421888K
}
Event: 42.202 GC heap before
{Heap before GC invocations=35 (full 0):
 garbage-first heap   total 148480K, used 82905K [0x0000000080000000, 0x0000000100000000)
  region size 1024K, 7 young (7168K), 3 survivors (3072K)
 Metaspace       used 73074K, committed 73792K, reserved 487424K
  class space    used 9997K, committed 10368K, reserved 421888K
}
Event: 42.206 GC heap after
{Heap after GC invocations=36 (full 0):
 garbage-first heap   total 148480K, used 78938K [0x0000000080000000, 0x0000000100000000)
  region size 1024K, 1 young (1024K), 1 survivors (1024K)
 Metaspace       used 73074K, committed 73792K, reserved 487424K
  class space    used 9997K, committed 10368K, reserved 421888K
}
Event: 49.180 GC heap before
{Heap before GC invocations=36 (full 0):
 garbage-first heap   total 148480K, used 117850K [0x0000000080000000, 0x0000000100000000)
  region size 1024K, 39 young (39936K), 1 survivors (1024K)
 Metaspace       used 76791K, committed 77504K, reserved 495616K
  class space    used 10616K, committed 10944K, reserved 421888K
}
Event: 49.188 GC heap after
{Heap after GC invocations=37 (full 0):
 garbage-first heap   total 148480K, used 81783K [0x0000000080000000, 0x0000000100000000)
  region size 1024K, 4 young (4096K), 4 survivors (4096K)
 Metaspace       used 76791K, committed 77504K, reserved 495616K
  class space    used 10616K, committed 10944K, reserved 421888K
}
Event: 50.173 GC heap before
{Heap before GC invocations=37 (full 0):
 garbage-first heap   total 148480K, used 120695K [0x0000000080000000, 0x0000000100000000)
  region size 1024K, 40 young (40960K), 4 survivors (4096K)
 Metaspace       used 79555K, committed 80320K, reserved 495616K
  class space    used 11086K, committed 11456K, reserved 421888K
}
Event: 50.182 GC heap after
{Heap after GC invocations=38 (full 0):
 garbage-first heap   total 148480K, used 87141K [0x0000000080000000, 0x0000000100000000)
  region size 1024K, 4 young (4096K), 4 survivors (4096K)
 Metaspace       used 79555K, committed 80320K, reserved 495616K
  class space    used 11086K, committed 11456K, reserved 421888K
}
Event: 52.007 GC heap before
{Heap before GC invocations=38 (full 0):
 garbage-first heap   total 148480K, used 124005K [0x0000000080000000, 0x0000000100000000)
  region size 1024K, 37 young (37888K), 4 survivors (4096K)
 Metaspace       used 81085K, committed 81920K, reserved 495616K
  class space    used 11317K, committed 11712K, reserved 421888K
}
Event: 52.018 GC heap after
{Heap after GC invocations=39 (full 0):
 garbage-first heap   total 148480K, used 97180K [0x0000000080000000, 0x0000000100000000)
  region size 1024K, 5 young (5120K), 5 survivors (5120K)
 Metaspace       used 81085K, committed 81920K, reserved 495616K
  class space    used 11317K, committed 11712K, reserved 421888K
}
Event: 52.483 GC heap before
{Heap before GC invocations=39 (full 0):
 garbage-first heap   total 148480K, used 121756K [0x0000000080000000, 0x0000000100000000)
  region size 1024K, 24 young (24576K), 5 survivors (5120K)
 Metaspace       used 81196K, committed 81984K, reserved 495616K
  class space    used 11319K, committed 11712K, reserved 421888K
}
Event: 52.491 GC heap after
{Heap after GC invocations=40 (full 0):
 garbage-first heap   total 148480K, used 108544K [0x0000000080000000, 0x0000000100000000)
  region size 1024K, 4 young (4096K), 4 survivors (4096K)
 Metaspace       used 81196K, committed 81984K, reserved 495616K
  class space    used 11319K, committed 11712K, reserved 421888K
}
Event: 53.076 GC heap before
{Heap before GC invocations=41 (full 0):
 garbage-first heap   total 196608K, used 124928K [0x0000000080000000, 0x0000000100000000)
  region size 1024K, 19 young (19456K), 4 survivors (4096K)
 Metaspace       used 82634K, committed 83456K, reserved 495616K
  class space    used 11506K, committed 11904K, reserved 421888K
}
Event: 53.081 GC heap after
{Heap after GC invocations=42 (full 0):
 garbage-first heap   total 196608K, used 113573K [0x0000000080000000, 0x0000000100000000)
  region size 1024K, 3 young (3072K), 3 survivors (3072K)
 Metaspace       used 82634K, committed 83456K, reserved 495616K
  class space    used 11506K, committed 11904K, reserved 421888K
}

