# JRE version: Java(TM) SE Runtime Environment (17.0.7+8) (build 17.0.7+8-LTS-224)
# Java VM: Java HotSpot(TM) 64-Bit Server VM (17.0.7+8-LTS-224, mixed mode, sharing, tiered, compressed oops, compressed class ptrs, g1 gc, windows-amd64)
GC Precious Log:
 CPUs: 4 total, 4 available
 Memory: 8084M
 Large Page Support: Disabled
 NUMA Support: Disabled
 Compressed Oops: Enabled (32-bit)
 Heap Region Size: 1M
 Heap Min Capacity: 8M
 Heap Initial Capacity: 128M
 Heap Max Capacity: 2G
 Pre-touch: Disabled
 Parallel Workers: 4
 Concurrent Workers: 1
 Concurrent Refinement Workers: 4
 Periodic GC: Disabled
Heap:
 garbage-first heap   total 555008K, used 369433K [0x0000000080000000, 0x0000000100000000)
  region size 1024K, 25 young (25600K), 24 survivors (24576K)
 Metaspace       used 99594K, committed 100608K, reserved 512000K
  class space    used 13742K, committed 14208K, reserved 421888K
GC Heap History (20 events):
Event: 25.774 GC heap before
{Heap before GC invocations=41 (full 0):
 garbage-first heap   total 173056K, used 141795K [0x0000000080000000, 0x0000000100000000)
  region size 1024K, 59 young (60416K), 5 survivors (5120K)
 Metaspace       used 79538K, committed 80320K, reserved 495616K
  class space    used 11105K, committed 11456K, reserved 421888K
}
Event: 25.789 GC heap after
{Heap after GC invocations=42 (full 0):
 garbage-first heap   total 173056K, used 91945K [0x0000000080000000, 0x0000000100000000)
  region size 1024K, 8 young (8192K), 8 survivors (8192K)
 Metaspace       used 79538K, committed 80320K, reserved 495616K
  class space    used 11105K, committed 11456K, reserved 421888K
}
Event: 25.802 GC heap before
{Heap before GC invocations=42 (full 0):
 garbage-first heap   total 173056K, used 92969K [0x0000000080000000, 0x0000000100000000)
  region size 1024K, 9 young (9216K), 8 survivors (8192K)
 Metaspace       used 79551K, committed 80320K, reserved 495616K
  class space    used 11109K, committed 11456K, reserved 421888K
}
Event: 25.812 GC heap after
{Heap after GC invocations=43 (full 0):
 garbage-first heap   total 173056K, used 92300K [0x0000000080000000, 0x0000000100000000)
  region size 1024K, 1 young (1024K), 1 survivors (1024K)
 Metaspace       used 79551K, committed 80320K, reserved 495616K
  class space    used 11109K, committed 11456K, reserved 421888K
}
Event: 26.544 GC heap before
{Heap before GC invocations=43 (full 0):
 garbage-first heap   total 173056K, used 129164K [0x0000000080000000, 0x0000000100000000)
  region size 1024K, 38 young (38912K), 1 survivors (1024K)
 Metaspace       used 80848K, committed 81600K, reserved 495616K
  class space    used 11307K, committed 11712K, reserved 421888K
}
Event: 26.551 GC heap after
{Heap after GC invocations=44 (full 0):
 garbage-first heap   total 173056K, used 95724K [0x0000000080000000, 0x0000000100000000)
  region size 1024K, 5 young (5120K), 5 survivors (5120K)
 Metaspace       used 80848K, committed 81600K, reserved 495616K
  class space    used 11307K, committed 11712K, reserved 421888K
}
Event: 27.562 GC heap before
{Heap before GC invocations=45 (full 0):
 garbage-first heap   total 179200K, used 146924K [0x0000000080000000, 0x0000000100000000)
  region size 1024K, 46 young (47104K), 5 survivors (5120K)
 Metaspace       used 83197K, committed 84096K, reserved 495616K
  class space    used 11601K, committed 12032K, reserved 421888K
}
Event: 27.575 GC heap after
{Heap after GC invocations=46 (full 0):
 garbage-first heap   total 179200K, used 113116K [0x0000000080000000, 0x0000000100000000)
  region size 1024K, 6 young (6144K), 6 survivors (6144K)
 Metaspace       used 83197K, committed 84096K, reserved 495616K
  class space    used 11601K, committed 12032K, reserved 421888K
}
Event: 27.595 GC heap before
{Heap before GC invocations=46 (full 0):
 garbage-first heap   total 179200K, used 114140K [0x0000000080000000, 0x0000000100000000)
  region size 1024K, 8 young (8192K), 6 survivors (6144K)
 Metaspace       used 83203K, committed 84096K, reserved 495616K
  class space    used 11601K, committed 12032K, reserved 421888K
}
Event: 27.603 GC heap after
{Heap after GC invocations=47 (full 0):
 garbage-first heap   total 179200K, used 113464K [0x0000000080000000, 0x0000000100000000)
  region size 1024K, 1 young (1024K), 1 survivors (1024K)
 Metaspace       used 83203K, committed 84096K, reserved 495616K
  class space    used 11601K, committed 12032K, reserved 421888K
}
Event: 28.344 GC heap before
{Heap before GC invocations=47 (full 0):
 garbage-first heap   total 179200K, used 151352K [0x0000000080000000, 0x0000000100000000)
  region size 1024K, 34 young (34816K), 1 survivors (1024K)
 Metaspace       used 84814K, committed 85696K, reserved 495616K
  class space    used 11801K, committed 12224K, reserved 421888K
}
Event: 28.350 GC heap after
{Heap after GC invocations=48 (full 0):
 garbage-first heap   total 179200K, used 127304K [0x0000000080000000, 0x0000000100000000)
  region size 1024K, 5 young (5120K), 5 survivors (5120K)
 Metaspace       used 84814K, committed 85696K, reserved 495616K
  class space    used 11801K, committed 12224K, reserved 421888K
}
Event: 28.856 GC heap before
{Heap before GC invocations=49 (full 0):
 garbage-first heap   total 224256K, used 146760K [0x0000000080000000, 0x0000000100000000)
  region size 1024K, 24 young (24576K), 5 survivors (5120K)
 Metaspace       used 85723K, committed 86592K, reserved 503808K
  class space    used 11923K, committed 12352K, reserved 421888K
}
Event: 28.868 GC heap after
{Heap after GC invocations=50 (full 0):
 garbage-first heap   total 224256K, used 131406K [0x0000000080000000, 0x0000000100000000)
  region size 1024K, 3 young (3072K), 3 survivors (3072K)
 Metaspace       used 85723K, committed 86592K, reserved 503808K
  class space    used 11923K, committed 12352K, reserved 421888K
}
Event: 28.935 GC heap before
{Heap before GC invocations=50 (full 0):
 garbage-first heap   total 224256K, used 137550K [0x0000000080000000, 0x0000000100000000)
  region size 1024K, 10 young (10240K), 3 survivors (3072K)
 Metaspace       used 86019K, committed 86912K, reserved 503808K
  class space    used 11981K, committed 12416K, reserved 421888K
}
Event: 28.944 GC heap after
{Heap after GC invocations=51 (full 0):
 garbage-first heap   total 534528K, used 131660K [0x0000000080000000, 0x0000000100000000)
  region size 1024K, 1 young (1024K), 1 survivors (1024K)
 Metaspace       used 86019K, committed 86912K, reserved 503808K
  class space    used 11981K, committed 12416K, reserved 421888K
}
Event: 42.128 GC heap before
{Heap before GC invocations=51 (full 0):
 garbage-first heap   total 534528K, used 315980K [0x0000000080000000, 0x0000000100000000)
  region size 1024K, 181 young (185344K), 1 survivors (1024K)
 Metaspace       used 93820K, committed 94784K, reserved 503808K
  class space    used 12999K, committed 13440K, reserved 421888K
}
Event: 42.162 GC heap after
{Heap after GC invocations=52 (full 0):
 garbage-first heap   total 534528K, used 149892K [0x0000000080000000, 0x0000000100000000)
  region size 1024K, 19 young (19456K), 19 survivors (19456K)
 Metaspace       used 93820K, committed 94784K, reserved 503808K
  class space    used 12999K, committed 13440K, reserved 421888K
}
Event: 45.905 GC heap before
{Heap before GC invocations=52 (full 0):
 garbage-first heap   total 534528K, used 323972K [0x0000000080000000, 0x0000000100000000)
  region size 1024K, 190 young (194560K), 19 survivors (19456K)
 Metaspace       used 99594K, committed 100608K, reserved 512000K
  class space    used 13742K, committed 14208K, reserved 421888K
}
Event: 45.969 GC heap after
{Heap after GC invocations=53 (full 0):
 garbage-first heap   total 534528K, used 173849K [0x0000000080000000, 0x0000000100000000)
  region size 1024K, 24 young (24576K), 24 survivors (24576K)
 Metaspace       used 99594K, committed 100608K, reserved 512000K
  class space    used 13742K, committed 14208K, reserved 421888K
}

